#
# A fatal error has been detected by the Java Runtime Environment:
#
#  EXCEPTION_ACCESS_VIOLATION (0xc0000005) at pc=0x0000000051f26ac2, pid=134932, tid=0x0000000000021238
#
# JRE version: OpenJDK Runtime Environment (8.0_76-b03) (build 1.8.0_76-release-b03)
# Java VM: OpenJDK 64-Bit Server VM (25.76-b03 mixed mode windows-amd64 compressed oops)
# Problematic frame:
# V  [jvm.dll+0x466ac2]
#
# Failed to write core dump. Minidumps are not enabled by default on client versions of Windows
#
# If you would like to submit a bug report, please visit:
#   http://bugreport.java.com/bugreport/crash.jsp
#

---------------  T H R E A D  ---------------

Current thread (0x00000000162e5000):  JavaThread "C2 CompilerThread1" daemon [_thread_in_native, id=135736, stack(0x0000000017840000,0x0000000017940000)]

siginfo: ExceptionCode=0xc0000005, reading address 0xffffffffffffffff

Registers:
RAX=0x000000001fefc160, RBX=0x000000002ab873b0, RCX=0x0000000000000001, RDX=0x0000000000000001
RSP=0x000000001793bfa0, RBP=0x000000000000100c, RSI=0x000000001793c380, RDI=0x000000001793c060
R8 =0x0000000000001000, R9 =0x0000000000001f20, R10=0x0000000051ac0000, R11=0x000000002ac27770
R12=0x000000005227a418, R13=0x0000000027010590, R14=0x00000000000f3f60, R15=0x0000000051ac0000
RIP=0x0000000051f26ac2, EFLAGS=0x0000000000010206

Top of Stack: (sp=0x000000001793bfa0)
0x000000001793bfa0:   000000001793e960 000000002ac244d0
0x000000001793bfb0:   000000001793eaf0 0000000051b6811a
0x000000001793bfc0:   0000000000001f1f 0000000051ef010f
0x000000001793bfd0:   000000001793c3a0 000000002ab85fb0
0x000000001793bfe0:   000000000000100c 000000001793c380
0x000000001793bff0:   00002f2a00000000 0000000000000008
0x000000001793c000:   000000001db3e7c0 0000000000000030
0x000000001793c010:   000000001dbc0d00 0000000000000030
0x000000001793c020:   000000002abac890 00002f3400000000
0x000000001793c030:   0000000000000008 000000001b6da820
0x000000001793c040:   0000000000000030 000000001c053230
0x000000001793c050:   0000000000000030 000000002aaf07d0
0x000000001793c060:   00001f2400000000 0000000000000001
0x000000001793c070:   000000001fefc160 0000000000000020
0x000000001793c080:   000000001db46040 0000000000000030
0x000000001793c090:   000000001793c3a0 0000000000000030 

Instructions: (pc=0x0000000051f26ac2)
0x0000000051f26aa2:   38 48 8b 74 24 48 48 83 c4 20 5f c3 8b 47 18 8b
0x0000000051f26ab2:   ca 44 8d 4c c2 f8 48 8b 47 10 41 c1 e1 05 44 89
0x0000000051f26ac2:   4f 04 44 8b 04 88 8d 42 01 44 89 07 89 47 08 45
0x0000000051f26ad2:   85 c0 74 4d 41 f6 c0 1f 75 12 0f 1f 40 00 41 c1 


Register to memory mapping:

RAX=0x000000001fefc160 is an unknown value
RBX=0x000000002ab873b0 is an unknown value
RCX=0x0000000000000001 is an unknown value
RDX=0x0000000000000001 is an unknown value
RSP=0x000000001793bfa0 is pointing into the stack for thread: 0x00000000162e5000
RBP=0x000000000000100c is an unknown value
RSI=0x000000001793c380 is pointing into the stack for thread: 0x00000000162e5000
RDI=0x000000001793c060 is pointing into the stack for thread: 0x00000000162e5000
R8 =0x0000000000001000 is an unknown value
R9 =0x0000000000001f20 is an unknown value
R10=0x0000000051ac0000 is an unknown value
R11=0x000000002ac27770 is an unknown value
R12=0x000000005227a418 is an unknown value
R13=0x0000000027010590 is an unknown value
R14=0x00000000000f3f60 is an unknown value
R15=0x0000000051ac0000 is an unknown value


Stack: [0x0000000017840000,0x0000000017940000],  sp=0x000000001793bfa0,  free space=1007k
Native frames: (J=compiled Java code, j=interpreted, Vv=VM code, C=native code)
V  [jvm.dll+0x466ac2]
V  [jvm.dll+0x43010f]
V  [jvm.dll+0x431bd8]
V  [jvm.dll+0x431dc6]
V  [jvm.dll+0x42f954]
V  [jvm.dll+0x42eb14]
V  [jvm.dll+0x43931b]
V  [jvm.dll+0x43badf]
V  [jvm.dll+0x41f212]
V  [jvm.dll+0x806e9]
V  [jvm.dll+0x8101f]
V  [jvm.dll+0x21bc14]
V  [jvm.dll+0x26b60a]
C  [msvcr100.dll+0x21d9f]
C  [msvcr100.dll+0x21e3b]
C  [kernel32.dll+0x159cd]
C  [ntdll.dll+0x2a561]


Current CompileTask:
C2: 520279 18106       4       org.objectweb.asm.ClassReader::a (3351 bytes)


---------------  P R O C E S S  ---------------

Java Threads: ( => current thread )
  0x000000001d2b1800 JavaThread "pool-25-thread-4" [_thread_blocked, id=138144, stack(0x000000001a910000,0x000000001aa10000)]
  0x000000001d2af800 JavaThread "pool-25-thread-3" [_thread_blocked, id=138140, stack(0x000000002a750000,0x000000002a850000)]
  0x000000001d2ae800 JavaThread "pool-25-thread-2" [_thread_blocked, id=138136, stack(0x000000002a650000,0x000000002a750000)]
  0x000000001d2ad000 JavaThread "pool-25-thread-1" [_thread_blocked, id=138132, stack(0x0000000026780000,0x0000000026880000)]
  0x000000001d61d800 JavaThread "Stdin handler" [_thread_blocked, id=138112, stack(0x0000000020b80000,0x0000000020c80000)]
  0x000000001d61c800 JavaThread "Asynchronous log dispatcher for org.gradle.launcher.daemon.server.DefaultDaemonConnection@4a5c8e40" [_thread_blocked, id=138108, stack(0x000000001a580000,0x000000001a680000)]
  0x000000001b8cb000 JavaThread "Cancel handler" [_thread_blocked, id=138096, stack(0x000000001aa10000,0x000000001ab10000)]
  0x000000001b8cc800 JavaThread "Handler for socket connection from /127.0.0.1:58338 to /127.0.0.1:58866" [_thread_in_native, id=138092, stack(0x000000001a6b0000,0x000000001a7b0000)]
  0x000000001b8cb800 JavaThread "Daemon worker Thread 3" [_thread_in_native, id=137764, stack(0x000000001ee60000,0x000000001ef60000)]
  0x000000001b8cd000 JavaThread "Daemon Thread 3" [_thread_blocked, id=137752, stack(0x000000001a440000,0x000000001a540000)]
  0x000000001d61c000 JavaThread "stdout" daemon [_thread_in_native, id=136428, stack(0x0000000026ea0000,0x0000000026fa0000)]
  0x000000001d61b000 JavaThread "stderr" daemon [_thread_in_native, id=136424, stack(0x0000000026d40000,0x0000000026e40000)]
  0x000000001d61a800 JavaThread "stdout" daemon [_thread_in_native, id=136420, stack(0x0000000026c10000,0x0000000026d10000)]
  0x000000001fa26800 JavaThread "stderr" daemon [_thread_in_native, id=136408, stack(0x0000000026aa0000,0x0000000026ba0000)]
  0x000000001fa25800 JavaThread "stdout" daemon [_thread_in_native, id=136396, stack(0x00000000268b0000,0x00000000269b0000)]
  0x000000001fa25000 JavaThread "stderr" daemon [_thread_in_native, id=136392, stack(0x0000000026450000,0x0000000026550000)]
  0x000000001fa24000 JavaThread "stdout" daemon [_thread_in_native, id=136380, stack(0x00000000265c0000,0x00000000266c0000)]
  0x000000001fa23800 JavaThread "stderr" daemon [_thread_in_native, id=136376, stack(0x0000000026030000,0x0000000026130000)]
  0x000000001fece000 JavaThread "stdout" daemon [_thread_in_native, id=136364, stack(0x00000000262f0000,0x00000000263f0000)]
  0x000000001fecd000 JavaThread "stderr" daemon [_thread_in_native, id=136360, stack(0x0000000026150000,0x0000000026250000)]
  0x000000001fecc800 JavaThread "stdout" daemon [_thread_in_native, id=136348, stack(0x0000000025ed0000,0x0000000025fd0000)]
  0x000000001fecb800 JavaThread "stderr" daemon [_thread_in_native, id=136344, stack(0x0000000025d10000,0x0000000025e10000)]
  0x000000001fecb000 JavaThread "stdout" daemon [_thread_in_native, id=136332, stack(0x0000000024d80000,0x0000000024e80000)]
  0x000000001feca000 JavaThread "stderr" daemon [_thread_in_native, id=136328, stack(0x0000000025730000,0x0000000025830000)]
  0x000000001fec9800 JavaThread "stdout" daemon [_thread_in_native, id=136316, stack(0x0000000025b60000,0x0000000025c60000)]
  0x000000001fec8800 JavaThread "stderr" daemon [_thread_in_native, id=136312, stack(0x0000000025980000,0x0000000025a80000)]
  0x000000001fec8000 JavaThread "stdout" daemon [_thread_in_native, id=136300, stack(0x0000000025870000,0x0000000025970000)]
  0x000000001fec7000 JavaThread "stderr" daemon [_thread_in_native, id=136296, stack(0x0000000025630000,0x0000000025730000)]
  0x000000001b70d000 JavaThread "stdout" daemon [_thread_in_native, id=136284, stack(0x00000000254c0000,0x00000000255c0000)]
  0x000000001b70c800 JavaThread "stderr" daemon [_thread_in_native, id=136280, stack(0x0000000025330000,0x0000000025430000)]
  0x000000001b70b800 JavaThread "stdout" daemon [_thread_in_native, id=136268, stack(0x00000000251a0000,0x00000000252a0000)]
  0x000000001b70b000 JavaThread "stderr" daemon [_thread_in_native, id=136264, stack(0x0000000025030000,0x0000000025130000)]
  0x000000001b70a000 JavaThread "stdout" daemon [_thread_in_native, id=136252, stack(0x0000000024ec0000,0x0000000024fc0000)]
  0x000000001c13e800 JavaThread "stderr" daemon [_thread_in_native, id=136248, stack(0x0000000024c70000,0x0000000024d70000)]
  0x000000001c13d800 JavaThread "stdout" daemon [_thread_in_native, id=136244, stack(0x0000000024b30000,0x0000000024c30000)]
  0x000000001c13d000 JavaThread "stderr" daemon [_thread_in_native, id=136232, stack(0x0000000024860000,0x0000000024960000)]
  0x000000001c13c000 JavaThread "stdout" daemon [_thread_in_native, id=136220, stack(0x0000000024970000,0x0000000024a70000)]
  0x000000001c13b800 JavaThread "stderr" daemon [_thread_in_native, id=136216, stack(0x0000000024760000,0x0000000024860000)]
  0x000000001efbb800 JavaThread "stdout" daemon [_thread_in_native, id=136204, stack(0x0000000024580000,0x0000000024680000)]
  0x000000001efba800 JavaThread "stderr" daemon [_thread_in_native, id=136200, stack(0x00000000243c0000,0x00000000244c0000)]
  0x000000001efba000 JavaThread "stdout" daemon [_thread_in_native, id=136196, stack(0x0000000024270000,0x0000000024370000)]
  0x000000001efb9000 JavaThread "stderr" daemon [_thread_in_native, id=136116, stack(0x0000000023b60000,0x0000000023c60000)]
  0x000000001efb8800 JavaThread "stdout" daemon [_thread_in_native, id=135172, stack(0x0000000024110000,0x0000000024210000)]
  0x00000000196e3800 JavaThread "stderr" daemon [_thread_in_native, id=135856, stack(0x0000000023fa0000,0x00000000240a0000)]
  0x00000000196e3000 JavaThread "stdout" daemon [_thread_in_native, id=136168, stack(0x0000000023e00000,0x0000000023f00000)]
  0x00000000196e2000 JavaThread "stderr" daemon [_thread_in_native, id=134132, stack(0x0000000023c80000,0x0000000023d80000)]
  0x00000000196e1800 JavaThread "stdout" daemon [_thread_in_native, id=135384, stack(0x0000000023a20000,0x0000000023b20000)]
  0x00000000196e0800 JavaThread "stderr" daemon [_thread_in_native, id=136108, stack(0x00000000238c0000,0x00000000239c0000)]
  0x000000001c93c800 JavaThread "stdout" daemon [_thread_in_native, id=135616, stack(0x0000000023020000,0x0000000023120000)]
  0x000000001c93c000 JavaThread "stderr" daemon [_thread_in_native, id=136020, stack(0x0000000023760000,0x0000000023860000)]
  0x000000001c93b000 JavaThread "png-cruncher_20" daemon [_thread_blocked, id=136012, stack(0x00000000235e0000,0x00000000236e0000)]
  0x000000001c93a800 JavaThread "png-cruncher_19" daemon [_thread_blocked, id=134752, stack(0x0000000023460000,0x0000000023560000)]
  0x000000001c939800 JavaThread "png-cruncher_18" daemon [_thread_blocked, id=91648, stack(0x00000000232e0000,0x00000000233e0000)]
  0x000000001cdfe800 JavaThread "png-cruncher_17" daemon [_thread_blocked, id=129716, stack(0x0000000023160000,0x0000000023260000)]
  0x000000001cdfd800 JavaThread "png-cruncher_16" daemon [_thread_blocked, id=134560, stack(0x0000000022ef0000,0x0000000022ff0000)]
  0x000000001cdfd000 JavaThread "png-cruncher_15" daemon [_thread_blocked, id=135332, stack(0x0000000022c80000,0x0000000022d80000)]
  0x000000001cdfc000 JavaThread "png-cruncher_14" daemon [_thread_blocked, id=134988, stack(0x0000000022d90000,0x0000000022e90000)]
  0x000000001cdfb800 JavaThread "png-cruncher_13" daemon [_thread_blocked, id=135228, stack(0x0000000022a50000,0x0000000022b50000)]
  0x000000001b523000 JavaThread "png-cruncher_12" daemon [_thread_blocked, id=133112, stack(0x0000000022b50000,0x0000000022c50000)]
  0x000000001b522800 JavaThread "png-cruncher_11" daemon [_thread_blocked, id=136096, stack(0x0000000022870000,0x0000000022970000)]
  0x000000001b521800 JavaThread "png-cruncher_10" daemon [_thread_blocked, id=135972, stack(0x0000000022130000,0x0000000022230000)]
  0x000000001b521000 JavaThread "png-cruncher_9" daemon [_thread_blocked, id=135968, stack(0x0000000022710000,0x0000000022810000)]
  0x000000001b520000 JavaThread "png-cruncher_8" daemon [_thread_blocked, id=134428, stack(0x00000000225e0000,0x00000000226e0000)]
  0x000000001b51f800 JavaThread "png-cruncher_7" daemon [_thread_blocked, id=133152, stack(0x0000000022420000,0x0000000022520000)]
  0x000000001b51e800 JavaThread "png-cruncher_6" daemon [_thread_blocked, id=136188, stack(0x0000000022290000,0x0000000022390000)]
  0x000000001b51e000 JavaThread "png-cruncher_5" daemon [_thread_blocked, id=133204, stack(0x0000000022010000,0x0000000022110000)]
  0x000000001b51d000 JavaThread "png-cruncher_4" daemon [_thread_blocked, id=134236, stack(0x0000000021e90000,0x0000000021f90000)]
  0x000000001b51c800 JavaThread "png-cruncher_3" daemon [_thread_blocked, id=135444, stack(0x0000000021d70000,0x0000000021e70000)]
  0x000000001b8ce800 JavaThread "png-cruncher_2" daemon [_thread_blocked, id=135360, stack(0x0000000021c50000,0x0000000021d50000)]
  0x000000001b8ce000 JavaThread "png-cruncher_1" daemon [_thread_blocked, id=135436, stack(0x0000000021360000,0x0000000021460000)]
  0x000000001b8ca000 JavaThread "Java2D Disposer" daemon [_thread_blocked, id=134468, stack(0x0000000021a50000,0x0000000021b50000)]
  0x000000001b8c7800 JavaThread "File lock request listener" [_thread_in_native, id=134780, stack(0x000000001a810000,0x000000001a910000)]
  0x00000000186d9800 JavaThread "pool-1-thread-1" [_thread_blocked, id=117352, stack(0x000000001a2c0000,0x000000001a3c0000)]
  0x0000000017c8e000 JavaThread "Incoming local TCP Connector on port 58338" [_thread_in_native, id=134412, stack(0x0000000019df0000,0x0000000019ef0000)]
  0x0000000017c2c000 JavaThread "Service Thread" daemon [_thread_blocked, id=135712, stack(0x00000000182f0000,0x00000000183f0000)]
  0x00000000162e5800 JavaThread "C1 CompilerThread2" daemon [_thread_blocked, id=133396, stack(0x0000000018050000,0x0000000018150000)]
=>0x00000000162e5000 JavaThread "C2 CompilerThread1" daemon [_thread_in_native, id=135736, stack(0x0000000017840000,0x0000000017940000)]
  0x00000000162de800 JavaThread "C2 CompilerThread0" daemon [_thread_blocked, id=134448, stack(0x0000000017ab0000,0x0000000017bb0000)]
  0x00000000162ee800 JavaThread "Attach Listener" daemon [_thread_blocked, id=135548, stack(0x0000000017940000,0x0000000017a40000)]
  0x00000000162ed800 JavaThread "Signal Dispatcher" daemon [_thread_blocked, id=134620, stack(0x0000000017720000,0x0000000017820000)]
  0x00000000162c8800 JavaThread "Finalizer" daemon [_thread_blocked, id=135528, stack(0x0000000017600000,0x0000000017700000)]
  0x0000000016281800 JavaThread "Reference Handler" daemon [_thread_blocked, id=135612, stack(0x0000000017440000,0x0000000017540000)]
  0x00000000021ad800 JavaThread "main" [_thread_blocked, id=135684, stack(0x0000000002460000,0x0000000002560000)]

Other Threads:
  0x0000000016278000 VMThread [stack: 0x00000000172a0000,0x00000000173a0000] [id=135016]
  0x0000000017c2d000 WatcherThread [stack: 0x00000000181a0000,0x00000000182a0000] [id=135716]

VM state:not at safepoint (normal execution)

VM Mutex/Monitor currently owned by a thread: None

Heap:
 PSYoungGen      total 290304K, used 111142K [0x00000000e0000000, 0x00000000f3f80000, 0x0000000100000000)
  eden space 262656K, 35% used [0x00000000e0000000,0x00000000e5ad5c78,0x00000000f0080000)
  from space 27648K, 65% used [0x00000000f1c00000,0x00000000f2db3cb8,0x00000000f3700000)
  to   space 28160K, 0% used [0x00000000f0080000,0x00000000f0080000,0x00000000f1c00000)
 ParOldGen       total 84480K, used 64476K [0x00000000a0000000, 0x00000000a5280000, 0x00000000e0000000)
  object space 84480K, 76% used [0x00000000a0000000,0x00000000a3ef71f8,0x00000000a5280000)
 Metaspace       used 78740K, capacity 83128K, committed 83504K, reserved 1122304K
  class space    used 10078K, capacity 10948K, committed 11056K, reserved 1048576K

Card table byte_map: [0x0000000011bf0000,0x0000000011f00000] byte_map_base: 0x00000000116f0000

Marking Bits: (ParMarkBitMap*) 0x0000000052279d00
 Begin Bits: [0x00000000125f0000, 0x0000000013df0000)
 End Bits:   [0x0000000013df0000, 0x00000000155f0000)

Polling page: 0x0000000000340000

CodeCache: size=245760Kb used=52654Kb max_used=52684Kb free=193105Kb
 bounds [0x0000000002830000, 0x0000000005bf0000, 0x0000000011830000]
 total_blobs=15330 nmethods=14427 adapters=813
 compilation: enabled

Compilation events (10 events):
Event: 516.377 Thread 0x00000000162e5800 nmethod 18190 0x0000000005bd6650 code [0x0000000005bd67e0, 0x0000000005bd6b08]
Event: 516.380 Thread 0x00000000162e5800 18191       3       java.net.URI::<init> (40 bytes)
Event: 516.381 Thread 0x00000000162e5800 nmethod 18191 0x0000000005bdcdd0 code [0x0000000005bdcf40, 0x0000000005bdd1d0]
Event: 516.383 Thread 0x00000000162de800 nmethod 18187% 0x0000000005bdc4d0 code [0x0000000005bdc640, 0x0000000005bdca78]
Event: 516.391 Thread 0x00000000162de800 18192   !   4       java.io.File::mkdirs (67 bytes)
Event: 516.420 Thread 0x00000000162e5800 18193       3       java.io.File::<init> (113 bytes)
Event: 516.421 Thread 0x00000000162e5800 nmethod 18193 0x0000000005be0cd0 code [0x0000000005be0f40, 0x0000000005be1cb8]
Event: 516.497 Thread 0x00000000162de800 nmethod 18192 0x0000000005be5bd0 code [0x0000000005be5f00, 0x0000000005be7fc0]
Event: 518.022 Thread 0x00000000162e5800 18194       1       com.android.build.gradle.internal.transforms.InstantRunSlicer$Slice$SlicedElement::access$1100 (5 bytes)
Event: 518.022 Thread 0x00000000162e5800 nmethod 18194 0x0000000005bdc210 code [0x0000000005bdc360, 0x0000000005bdc450]

GC Heap History (10 events):
Event: 406.918 GC heap before
{Heap before GC invocations=41 (full 5):
 PSYoungGen      total 249856K, used 227840K [0x00000000e0000000, 0x00000000f1580000, 0x0000000100000000)
  eden space 227840K, 100% used [0x00000000e0000000,0x00000000ede80000,0x00000000ede80000)
  from space 22016K, 0% used [0x00000000ede80000,0x00000000ede80000,0x00000000ef400000)
  to   space 28160K, 0% used [0x00000000efa00000,0x00000000efa00000,0x00000000f1580000)
 ParOldGen       total 84480K, used 64436K [0x00000000a0000000, 0x00000000a5280000, 0x00000000e0000000)
  object space 84480K, 76% used [0x00000000a0000000,0x00000000a3eed1f8,0x00000000a5280000)
 Metaspace       used 72709K, capacity 75998K, committed 76336K, reserved 1116160K
  class space    used 9309K, capacity 9949K, committed 10032K, reserved 1048576K
Event: 406.951 GC heap after
Heap after GC invocations=41 (full 5):
 PSYoungGen      total 257536K, used 12448K [0x00000000e0000000, 0x00000000f2680000, 0x0000000100000000)
  eden space 229376K, 0% used [0x00000000e0000000,0x00000000e0000000,0x00000000ee000000)
  from space 28160K, 44% used [0x00000000efa00000,0x00000000f0628000,0x00000000f1580000)
  to   space 26624K, 0% used [0x00000000ee000000,0x00000000ee000000,0x00000000efa00000)
 ParOldGen       total 84480K, used 64444K [0x00000000a0000000, 0x00000000a5280000, 0x00000000e0000000)
  object space 84480K, 76% used [0x00000000a0000000,0x00000000a3eef1f8,0x00000000a5280000)
 Metaspace       used 72709K, capacity 75998K, committed 76336K, reserved 1116160K
  class space    used 9309K, capacity 9949K, committed 10032K, reserved 1048576K
}
Event: 483.335 GC heap before
{Heap before GC invocations=42 (full 5):
 PSYoungGen      total 257536K, used 241824K [0x00000000e0000000, 0x00000000f2680000, 0x0000000100000000)
  eden space 229376K, 100% used [0x00000000e0000000,0x00000000ee000000,0x00000000ee000000)
  from space 28160K, 44% used [0x00000000efa00000,0x00000000f0628000,0x00000000f1580000)
  to   space 26624K, 0% used [0x00000000ee000000,0x00000000ee000000,0x00000000efa00000)
 ParOldGen       total 84480K, used 64444K [0x00000000a0000000, 0x00000000a5280000, 0x00000000e0000000)
  object space 84480K, 76% used [0x00000000a0000000,0x00000000a3eef1f8,0x00000000a5280000)
 Metaspace       used 76488K, capacity 80522K, committed 80816K, reserved 1120256K
  class space    used 9791K, capacity 10627K, committed 10672K, reserved 1048576K
Event: 483.358 GC heap after
Heap after GC invocations=42 (full 5):
 PSYoungGen      total 256000K, used 15774K [0x00000000e0000000, 0x00000000f2500000, 0x0000000100000000)
  eden space 229376K, 0% used [0x00000000e0000000,0x00000000e0000000,0x00000000ee000000)
  from space 26624K, 59% used [0x00000000ee000000,0x00000000eef67a68,0x00000000efa00000)
  to   space 26624K, 0% used [0x00000000f0b00000,0x00000000f0b00000,0x00000000f2500000)
 ParOldGen       total 84480K, used 64452K [0x00000000a0000000, 0x00000000a5280000, 0x00000000e0000000)
  object space 84480K, 76% used [0x00000000a0000000,0x00000000a3ef11f8,0x00000000a5280000)
 Metaspace       used 76488K, capacity 80522K, committed 80816K, reserved 1120256K
  class space    used 9791K, capacity 10627K, committed 10672K, reserved 1048576K
}
Event: 502.385 GC heap before
{Heap before GC invocations=43 (full 5):
 PSYoungGen      total 256000K, used 245150K [0x00000000e0000000, 0x00000000f2500000, 0x0000000100000000)
  eden space 229376K, 100% used [0x00000000e0000000,0x00000000ee000000,0x00000000ee000000)
  from space 26624K, 59% used [0x00000000ee000000,0x00000000eef67a68,0x00000000efa00000)
  to   space 26624K, 0% used [0x00000000f0b00000,0x00000000f0b00000,0x00000000f2500000)
 ParOldGen       total 84480K, used 64452K [0x00000000a0000000, 0x00000000a5280000, 0x00000000e0000000)
  object space 84480K, 76% used [0x00000000a0000000,0x00000000a3ef11f8,0x00000000a5280000)
 Metaspace       used 76717K, capacity 80922K, committed 81072K, reserved 1120256K
  class space    used 9809K, capacity 10653K, committed 10672K, reserved 1048576K
Event: 502.416 GC heap after
Heap after GC invocations=43 (full 5):
 PSYoungGen      total 270336K, used 17015K [0x00000000e0000000, 0x00000000f2400000, 0x0000000100000000)
  eden space 244736K, 0% used [0x00000000e0000000,0x00000000e0000000,0x00000000eef00000)
  from space 25600K, 66% used [0x00000000f0b00000,0x00000000f1b9dc78,0x00000000f2400000)
  to   space 27136K, 0% used [0x00000000eef00000,0x00000000eef00000,0x00000000f0980000)
 ParOldGen       total 84480K, used 64460K [0x00000000a0000000, 0x00000000a5280000, 0x00000000e0000000)
  object space 84480K, 76% used [0x00000000a0000000,0x00000000a3ef31f8,0x00000000a5280000)
 Metaspace       used 76717K, capacity 80922K, committed 81072K, reserved 1120256K
  class space    used 9809K, capacity 10653K, committed 10672K, reserved 1048576K
}
Event: 509.872 GC heap before
{Heap before GC invocations=44 (full 5):
 PSYoungGen      total 270336K, used 261751K [0x00000000e0000000, 0x00000000f2400000, 0x0000000100000000)
  eden space 244736K, 100% used [0x00000000e0000000,0x00000000eef00000,0x00000000eef00000)
  from space 25600K, 66% used [0x00000000f0b00000,0x00000000f1b9dc78,0x00000000f2400000)
  to   space 27136K, 0% used [0x00000000eef00000,0x00000000eef00000,0x00000000f0980000)
 ParOldGen       total 84480K, used 64460K [0x00000000a0000000, 0x00000000a5280000, 0x00000000e0000000)
  object space 84480K, 76% used [0x00000000a0000000,0x00000000a3ef31f8,0x00000000a5280000)
 Metaspace       used 76928K, capacity 81150K, committed 81328K, reserved 1120256K
  class space    used 9821K, capacity 10669K, committed 10672K, reserved 1048576K
Event: 509.910 GC heap after
Heap after GC invocations=44 (full 5):
 PSYoungGen      total 271872K, used 18455K [0x00000000e0000000, 0x00000000f3700000, 0x0000000100000000)
  eden space 244736K, 0% used [0x00000000e0000000,0x00000000e0000000,0x00000000eef00000)
  from space 27136K, 68% used [0x00000000eef00000,0x00000000f0105c98,0x00000000f0980000)
  to   space 27648K, 0% used [0x00000000f1c00000,0x00000000f1c00000,0x00000000f3700000)
 ParOldGen       total 84480K, used 64468K [0x00000000a0000000, 0x00000000a5280000, 0x00000000e0000000)
  object space 84480K, 76% used [0x00000000a0000000,0x00000000a3ef51f8,0x00000000a5280000)
 Metaspace       used 76928K, capacity 81150K, committed 81328K, reserved 1120256K
  class space    used 9821K, capacity 10669K, committed 10672K, reserved 1048576K
}
Event: 511.375 GC heap before
{Heap before GC invocations=45 (full 5):
 PSYoungGen      total 271872K, used 262284K [0x00000000e0000000, 0x00000000f3700000, 0x0000000100000000)
  eden space 244736K, 99% used [0x00000000e0000000,0x00000000eee1d530,0x00000000eef00000)
  from space 27136K, 68% used [0x00000000eef00000,0x00000000f0105c98,0x00000000f0980000)
  to   space 27648K, 0% used [0x00000000f1c00000,0x00000000f1c00000,0x00000000f3700000)
 ParOldGen       total 84480K, used 64468K [0x00000000a0000000, 0x00000000a5280000, 0x00000000e0000000)
  object space 84480K, 76% used [0x00000000a0000000,0x00000000a3ef51f8,0x00000000a5280000)
 Metaspace       used 77561K, capacity 81838K, committed 81968K, reserved 1120256K
  class space    used 9920K, capacity 10761K, committed 10800K, reserved 1048576K
Event: 511.398 GC heap after
Heap after GC invocations=45 (full 5):
 PSYoungGen      total 290304K, used 18127K [0x00000000e0000000, 0x00000000f3f80000, 0x0000000100000000)
  eden space 262656K, 0% used [0x00000000e0000000,0x00000000e0000000,0x00000000f0080000)
  from space 27648K, 65% used [0x00000000f1c00000,0x00000000f2db3cb8,0x00000000f3700000)
  to   space 28160K, 0% used [0x00000000f0080000,0x00000000f0080000,0x00000000f1c00000)
 ParOldGen       total 84480K, used 64476K [0x00000000a0000000, 0x00000000a5280000, 0x00000000e0000000)
  object space 84480K, 76% used [0x00000000a0000000,0x00000000a3ef71f8,0x00000000a5280000)
 Metaspace       used 77561K, capacity 81838K, committed 81968K, reserved 1120256K
  class space    used 9920K, capacity 10761K, committed 10800K, reserved 1048576K
}

Deoptimization events (10 events):
Event: 516.066 Thread 0x000000001b8cb800 Uncommon trap: reason=class_check action=maybe_recompile pc=0x0000000004a36ee8 method=org.objectweb.asm.tree.TypeInsnNode.accept(Lorg/objectweb/asm/MethodVisitor;)V @ 9
Event: 516.080 Thread 0x000000001b8cb800 Uncommon trap: reason=class_check action=maybe_recompile pc=0x0000000004a36ee8 method=org.objectweb.asm.tree.TypeInsnNode.accept(Lorg/objectweb/asm/MethodVisitor;)V @ 9
Event: 516.081 Thread 0x000000001b8cb800 Uncommon trap: reason=class_check action=maybe_recompile pc=0x0000000004a36ee8 method=org.objectweb.asm.tree.TypeInsnNode.accept(Lorg/objectweb/asm/MethodVisitor;)V @ 9
Event: 516.086 Thread 0x000000001b8cb800 Uncommon trap: reason=unstable_if action=reinterpret pc=0x0000000005b695e0 method=org.objectweb.asm.Item.a(Lorg/objectweb/asm/Item;)Z @ 251
Event: 516.090 Thread 0x000000001b8cb800 Uncommon trap: reason=class_check action=maybe_recompile pc=0x0000000004a36ee8 method=org.objectweb.asm.tree.TypeInsnNode.accept(Lorg/objectweb/asm/MethodVisitor;)V @ 9
Event: 516.101 Thread 0x000000001b8cb800 Uncommon trap: reason=bimorphic action=maybe_recompile pc=0x0000000005b37784 method=org.objectweb.asm.tree.LdcInsnNode.accept(Lorg/objectweb/asm/MethodVisitor;)V @ 5
Event: 516.108 Thread 0x000000001b8cb800 Uncommon trap: reason=bimorphic action=maybe_recompile pc=0x0000000005b37784 method=org.objectweb.asm.tree.LdcInsnNode.accept(Lorg/objectweb/asm/MethodVisitor;)V @ 5
Event: 516.126 Thread 0x000000001b8cb800 Uncommon trap: reason=range_check action=make_not_entrant pc=0x0000000003a4476c method=org.objectweb.asm.Type.a([CI)Lorg/objectweb/asm/Type; @ 2
Event: 516.181 Thread 0x000000001b8cb800 Uncommon trap: reason=unstable_if action=reinterpret pc=0x0000000002baf498 method=org.objectweb.asm.ClassReader.a(Lorg/objectweb/asm/ClassVisitor;Lorg/objectweb/asm/Context;I)I @ 201
Event: 516.216 Thread 0x000000001b8cb800 Uncommon trap: reason=unstable_if action=reinterpret pc=0x0000000005bada38 method=org.objectweb.asm.Frame.d(I)V @ 4

Internal exceptions (10 events):
Event: 511.707 Thread 0x000000001b8cb800 Exception <a 'java/io/FileNotFoundException'> (0x00000000e28bded8) thrown at [C:\src\android\AOSP-openjdk\external\jetbrains\jdk\hotspot\src\share\vm\prims\jni.cpp, line 709]
Event: 511.820 Thread 0x000000001b8cb800 Implicit null exception at 0x0000000004005805 to 0x000000000400631d
Event: 511.821 Thread 0x000000001b8cb800 Implicit null exception at 0x0000000004a411ce to 0x0000000004a41f1d
Event: 511.821 Thread 0x000000001b8cb800 Implicit null exception at 0x0000000003c3d484 to 0x0000000003c3d769
Event: 516.125 Thread 0x000000001b8cb800 Exception <a 'java/lang/NoSuchMethodError': <clinit>> (0x00000000e4999d08) thrown at [C:\src\android\AOSP-openjdk\external\jetbrains\jdk\hotspot\src\share\vm\prims\jni.cpp, line 1591]
Event: 516.130 Thread 0x000000001b8cb800 Exception <a 'java/lang/NoSuchMethodError': <clinit>> (0x00000000e49e5c18) thrown at [C:\src\android\AOSP-openjdk\external\jetbrains\jdk\hotspot\src\share\vm\prims\jni.cpp, line 1591]
Event: 516.136 Thread 0x000000001b8cb800 Exception <a 'java/lang/NoSuchMethodError': <clinit>> (0x00000000e4a10380) thrown at [C:\src\android\AOSP-openjdk\external\jetbrains\jdk\hotspot\src\share\vm\prims\jni.cpp, line 1591]
Event: 516.141 Thread 0x000000001b8cb800 Exception <a 'java/lang/NoSuchMethodError': <clinit>> (0x00000000e4a44980) thrown at [C:\src\android\AOSP-openjdk\external\jetbrains\jdk\hotspot\src\share\vm\prims\jni.cpp, line 1591]
Event: 516.147 Thread 0x000000001b8cb800 Exception <a 'java/lang/NoSuchMethodError': <clinit>> (0x00000000e4a7d440) thrown at [C:\src\android\AOSP-openjdk\external\jetbrains\jdk\hotspot\src\share\vm\prims\jni.cpp, line 1591]
Event: 516.152 Thread 0x000000001b8cb800 Exception <a 'java/lang/NoSuchMethodError': <clinit>> (0x00000000e4aa53a0) thrown at [C:\src\android\AOSP-openjdk\external\jetbrains\jdk\hotspot\src\share\vm\prims\jni.cpp, line 1591]

Events (10 events):
Event: 516.351 loading class com/android/build/gradle/tasks/PreColdSwapTask$1 done
Event: 516.371 loading class com/android/build/gradle/internal/transforms/InstantRunSlicer$Slices
Event: 516.371 loading class com/android/build/gradle/internal/transforms/InstantRunSlicer$Slices done
Event: 516.372 loading class com/android/build/gradle/internal/transforms/InstantRunSlicer$Slice
Event: 516.372 loading class com/android/build/gradle/internal/transforms/InstantRunSlicer$Slice done
Event: 516.375 loading class com/android/build/gradle/internal/transforms/InstantRunSlicer$Slice$SlicedElement
Event: 516.375 loading class com/android/build/gradle/internal/transforms/InstantRunSlicer$Slice$SlicedElement done
Event: 516.380 Thread 0x000000001b8cb800 DEOPT PACKING pc=0x0000000003dfdc9c sp=0x000000001ef5c1d0
Event: 516.380 Thread 0x000000001b8cb800 DEOPT UNPACKING pc=0x00000000028775bf sp=0x000000001ef5bf58 mode 0
Event: 518.024 Thread 0x00000000162e5800 flushing nmethod 0x0000000002a71050


Dynamic libraries:
0x000000013f950000 - 0x000000013f981000 	C:\Program Files\Android\Android Studio\jre\bin\java.exe
0x0000000077bb0000 - 0x0000000077d5a000 	C:\Windows\SYSTEM32\ntdll.dll
0x0000000077a90000 - 0x0000000077baf000 	C:\Windows\system32\kernel32.dll
0x000007fefd950000 - 0x000007fefd9ba000 	C:\Windows\system32\KERNELBASE.dll
0x000007fefe820000 - 0x000007fefe8fb000 	C:\Windows\system32\ADVAPI32.dll
0x000007fefe750000 - 0x000007fefe7ef000 	C:\Windows\system32\msvcrt.dll
0x000007fefdca0000 - 0x000007fefdcbf000 	C:\Windows\SYSTEM32\sechost.dll
0x000007feffb60000 - 0x000007feffc8d000 	C:\Windows\system32\RPCRT4.dll
0x0000000077990000 - 0x0000000077a8a000 	C:\Windows\system32\USER32.dll
0x000007feffe50000 - 0x000007feffeb7000 	C:\Windows\system32\GDI32.dll
0x000007fefe7f0000 - 0x000007fefe7fe000 	C:\Windows\system32\LPK.dll
0x000007fefe400000 - 0x000007fefe4ca000 	C:\Windows\system32\USP10.dll
0x000007fefc2f0000 - 0x000007fefc4e4000 	C:\Windows\WinSxS\amd64_microsoft.windows.common-controls_6595b64144ccf1df_6.0.7601.18837_none_fa3b1e3d17594757\COMCTL32.dll
0x000007feffc90000 - 0x000007feffd01000 	C:\Windows\system32\SHLWAPI.dll
0x000007feff9a0000 - 0x000007feff9ce000 	C:\Windows\system32\IMM32.DLL
0x000007fefdfa0000 - 0x000007fefe0a9000 	C:\Windows\system32\MSCTF.dll
0x000000006bf20000 - 0x000000006bff2000 	C:\Program Files\Android\Android Studio\jre\jre\bin\msvcr100.dll
0x0000000051ac0000 - 0x00000000522f4000 	C:\Program Files\Android\Android Studio\jre\jre\bin\server\jvm.dll
0x000007feef4a0000 - 0x000007feef4a9000 	C:\Windows\system32\WSOCK32.dll
0x000007feff730000 - 0x000007feff77d000 	C:\Windows\system32\WS2_32.dll
0x000007feff780000 - 0x000007feff788000 	C:\Windows\system32\NSI.dll
0x000007fefa5e0000 - 0x000007fefa61b000 	C:\Windows\system32\WINMM.dll
0x000007fefc9b0000 - 0x000007fefc9bc000 	C:\Windows\system32\VERSION.dll
0x0000000077d70000 - 0x0000000077d77000 	C:\Windows\system32\PSAPI.DLL
0x000007feea550000 - 0x000007feea55f000 	C:\Program Files\Android\Android Studio\jre\jre\bin\verify.dll
0x000007fee6e90000 - 0x000007fee6eb9000 	C:\Program Files\Android\Android Studio\jre\jre\bin\java.dll
0x000007feea4e0000 - 0x000007feea4f6000 	C:\Program Files\Android\Android Studio\jre\jre\bin\zip.dll
0x000007fefe9a0000 - 0x000007feff72a000 	C:\Windows\system32\SHELL32.dll
0x000007feff790000 - 0x000007feff993000 	C:\Windows\system32\ole32.dll
0x000007fefd8e0000 - 0x000007fefd8ef000 	C:\Windows\system32\profapi.dll
0x000007fee6e50000 - 0x000007fee6e6a000 	C:\Program Files\Android\Android Studio\jre\jre\bin\net.dll
0x000007fefd060000 - 0x000007fefd0b5000 	C:\Windows\system32\mswsock.dll
0x000007fefd050000 - 0x000007fefd057000 	C:\Windows\System32\wship6.dll
0x000007fed54f0000 - 0x000007fed5501000 	C:\Program Files\Android\Android Studio\jre\jre\bin\nio.dll
0x000007fed3d00000 - 0x000007fed3d12000 	C:\Users\Shobhna\.gradle\native\19\windows-amd64\native-platform.dll
0x000007fefd0c0000 - 0x000007fefd0d8000 	C:\Windows\system32\CRYPTSP.dll
0x000007fefcdc0000 - 0x000007fefce07000 	C:\Windows\system32\rsaenh.dll
0x000007fefdc60000 - 0x000007fefdc7e000 	C:\Windows\system32\USERENV.dll
0x000007fefd6e0000 - 0x000007fefd6ef000 	C:\Windows\system32\CRYPTBASE.dll
0x000007fefaf20000 - 0x000007fefaf47000 	C:\Windows\system32\IPHLPAPI.DLL
0x000007fefaf10000 - 0x000007fefaf1b000 	C:\Windows\system32\WINNSI.DLL
0x000007fefac90000 - 0x000007fefaca8000 	C:\Windows\system32\dhcpcsvc.DLL
0x000007fefac70000 - 0x000007fefac81000 	C:\Windows\system32\dhcpcsvc6.DLL
0x000007feec870000 - 0x000007feec87d000 	C:\Program Files\Android\Android Studio\jre\jre\bin\management.dll
0x000007fefd7d0000 - 0x000007fefd827000 	C:\Windows\system32\apphelp.dll
0x000007fed3590000 - 0x000007fed3723000 	C:\Program Files\Android\Android Studio\jre\jre\bin\awt.dll
0x000007feffd70000 - 0x000007feffe4a000 	C:\Windows\system32\OLEAUT32.dll
0x000007fefbbe0000 - 0x000007fefbbf8000 	C:\Windows\system32\DWMAPI.DLL
0x000007fed4350000 - 0x000007fed4374000 	C:\Program Files\Android\Android Studio\jre\jre\bin\sunec.dll
0x000007fefcaa0000 - 0x000007fefcaa7000 	C:\Windows\System32\wshtcpip.dll
0x000007fefcee0000 - 0x000007fefcf3b000 	C:\Windows\system32\DNSAPI.dll
0x000007fef52b0000 - 0x000007fef52b8000 	C:\Windows\system32\rasadhlp.dll
0x000007fefad80000 - 0x000007fefadd3000 	C:\Windows\System32\fwpuclnt.dll
0x000007fed5190000 - 0x000007fed52b5000 	C:\Windows\system32\dbghelp.dll

VM Arguments:
jvm_args: -Xmx1536m -Dfile.encoding=windows-1252 -Duser.country=IN -Duser.language=en -Duser.variant 
java_command: org.gradle.launcher.daemon.bootstrap.GradleDaemon 2.14.1
java_class_path (initial): C:\Program Files\Android\Android Studio\gradle\gradle-2.14.1\lib\gradle-launcher-2.14.1.jar
Launcher Type: SUN_STANDARD

Environment Variables:
PATH=C:\ProgramData\Oracle\Java\javapath;C:\Windows\system32;C:\Windows;C:\Windows\System32\Wbem;C:\Windows\System32\WindowsPowerShell\v1.0\;C:\Program Files (x86)\ATI Technologies\ATI.ACE\Core-Static;C:\Program Files (x86)\Skype\Phone\;C:\Program Files\Git\cmd
USERNAME=Shobhna
OS=Windows_NT
PROCESSOR_IDENTIFIER=Intel64 Family 6 Model 61 Stepping 4, GenuineIntel



---------------  S Y S T E M  ---------------

OS: Windows 7 , 64 bit Build 7601 (6.1.7601.23572)

CPU:total 4 (2 cores per cpu, 2 threads per core) family 6 model 61 stepping 4, cmov, cx8, fxsr, mmx, sse, sse2, sse3, ssse3, sse4.1, sse4.2, popcnt, avx, avx2, aes, clmul, erms, 3dnowpref, lzcnt, ht, tsc, tscinvbit, bmi1, bmi2, adx

Memory: 4k page, physical 4111924k(182136k free), swap 8221988k(2571108k free)

vm_info: OpenJDK 64-Bit Server VM (25.76-b03) for windows-amd64 JRE (1.8.0_76-release-b03), built on Jun 29 2016 19:09:20 by "ralucas" with MS VC++ 10.0 (VS2010)

time: Sun Jan 29 22:32:26 2017
elapsed time: 520 seconds (0d 0h 8m 40s)

